TN:
SF:/home/idan/Projects/personal/bytepass/driver.cpp
FNL:0,16,72
FNA:0,2,_Z9runDriverRKNSt7__cxx1112basic_stringIcSt11char_traitsIcESaIcEEES6_
FNF:1
FNH:1
DA:16,2
DA:17,2
DA:19,2
DA:20,2
DA:21,1
DA:22,1
DA:25,1
DA:26,1
DA:29,1
DA:30,0
DA:31,0
DA:34,1
DA:35,1
DA:36,1
DA:38,1
DA:39,2
DA:40,1
DA:41,1
DA:42,1
DA:44,1
DA:46,1
DA:48,1
DA:49,1
DA:52,1
DA:53,1
DA:54,0
DA:55,0
DA:58,2
DA:60,1
DA:66,1
DA:68,1
DA:69,1
DA:70,1
DA:71,1
DA:72,2
LF:35
LH:31
end_of_record
TN:
SF:/home/idan/Projects/personal/bytepass/flags.cpp
FNL:0,4,15
FNA:0,2,_ZN11FlagOptions13promptOptionsEiPPc
FNF:1
FNH:1
DA:4,2
DA:5,2
DA:6,10
DA:7,24
DA:8,18
DA:9,18
DA:11,26
DA:12,3
DA:13,18
DA:15,2
LF:10
LH:10
end_of_record
TN:
SF:/home/idan/Projects/personal/bytepass/mode.cpp
FNL:0,5,14
FNA:0,3,_Z9parseModeNSt7__cxx1112basic_stringIcSt11char_traitsIcESaIcEEE
FNF:1
FNH:1
DA:5,3
DA:6,3
DA:7,3
DA:8,1
DA:10,2
DA:11,1
DA:13,1
LF:7
LH:7
end_of_record
TN:
SF:/home/idan/Projects/personal/bytepass/options.h
FNL:0,15,15
FNA:0,7,_ZN7OptionsC2ERKSt6vectorINSt7__cxx1112basic_stringIcSt11char_traitsIcESaIcEEESaIS6_EE
FNL:1,17,17
FNA:1,7,_ZN7OptionsD2Ev
FNL:2,19,21
FNA:2,12,_ZN7Options6addCtxERKNSt7__cxx1112basic_stringIcSt11char_traitsIcESaIcEEES7_
FNL:3,23,25
FNA:3,2,_ZN7Options9removeCtxERKNSt7__cxx1112basic_stringIcSt11char_traitsIcESaIcEEE
FNL:4,27,33
FNA:4,17,_ZNK7Options6getCtxERKNSt7__cxx1112basic_stringIcSt11char_traitsIcESaIcEEE
FNL:5,35,37
FNA:5,4,_ZNK7Options10getOptionsB5cxx11Ev
FNF:6
FNH:6
DA:15,7
DA:17,7
DA:19,12
DA:20,12
DA:21,12
DA:23,2
DA:24,2
DA:27,17
DA:28,17
DA:29,17
DA:30,12
DA:32,10
DA:35,4
DA:36,4
LF:14
LH:14
end_of_record
TN:
SF:/home/idan/Projects/personal/bytepass/prompt.cpp
FNL:0,6,17
FNA:0,2,_ZN13PromptOptions13promptOptionsEiPPc
FNF:1
FNH:1
DA:6,2
DA:7,2
DA:9,2
DA:10,10
DA:11,6
DA:12,6
DA:13,6
DA:15,6
DA:16,6
DA:17,2
LF:10
LH:10
end_of_record
TN:
SF:/home/idan/Projects/personal/bytepass/server.cpp
FNL:0,17,136
FNA:0,2,_Z9runServerjRKNSt7__cxx1112basic_stringIcSt11char_traitsIcESaIcEEE
FNF:1
FNH:1
DA:17,2
DA:18,2
DA:20,2
DA:21,1
DA:22,1
DA:28,1
DA:29,0
DA:30,0
DA:33,1
DA:34,1
DA:36,1
DA:37,1
DA:38,1
DA:40,1
DA:41,0
DA:42,0
DA:45,1
DA:46,1
DA:47,1
DA:49,1
DA:50,1
DA:51,1
DA:53,0
DA:56,1
DA:57,1
DA:61,1
DA:62,1
DA:69,1
DA:71,1
DA:72,0
DA:73,0
DA:76,1
DA:77,0
DA:78,0
DA:81,1
DA:82,1
DA:83,0
DA:84,0
DA:87,1
DA:88,1
DA:90,1
DA:91,1
DA:92,1
DA:93,1
DA:95,1
DA:96,1
DA:98,1
DA:99,1
DA:100,1
DA:102,1
DA:103,1
DA:104,1
DA:105,1
DA:108,0
DA:109,0
DA:110,0
DA:113,0
DA:114,0
DA:116,0
DA:117,0
DA:119,0
DA:120,0
DA:121,0
DA:123,0
DA:124,0
DA:126,0
DA:128,0
DA:129,0
DA:131,2
DA:133,1
DA:134,1
DA:135,1
DA:136,1
LF:73
LH:47
end_of_record
TN:
SF:/home/idan/Projects/personal/bytepass/utils.cpp
FNL:0,12,16
FNA:0,5,_Z4trimRKNSt7__cxx1112basic_stringIcSt11char_traitsIcESaIcEEE
FNL:1,18,28
FNA:1,8,_Z16sanitizeFilenameRKNSt7__cxx1112basic_stringIcSt11char_traitsIcESaIcEEE
FNL:2,30,54
FNA:2,7,_Z12parseAddressRKNSt7__cxx1112basic_stringIcSt11char_traitsIcESaIcEEE
FNL:3,56,100
FNA:3,8,_Z12calcChecksumRKNSt7__cxx1112basic_stringIcSt11char_traitsIcESaIcEEE
FNF:4
FNH:4
DA:12,5
DA:13,5
DA:14,5
DA:15,14
DA:18,8
DA:19,8
DA:20,8
DA:21,8
DA:22,4
DA:24,8
DA:25,8
DA:27,18
DA:28,8
DA:30,7
DA:31,7
DA:32,7
DA:33,7
DA:35,7
DA:36,7
DA:37,1
DA:40,6
DA:41,6
DA:43,6
DA:44,5
DA:45,2
DA:48,3
DA:49,3
DA:50,1
DA:53,2
DA:54,10
DA:56,8
DA:57,8
DA:58,8
DA:59,1
DA:62,7
DA:63,7
DA:64,0
DA:67,7
DA:68,0
DA:69,0
DA:73,14
DA:74,14
DA:75,7
DA:76,7
DA:77,12
DA:78,0
DA:79,0
DA:85,7
DA:86,7
DA:87,0
DA:88,0
DA:91,7
DA:93,7
DA:94,7
DA:95,231
DA:96,224
DA:99,14
DA:100,8
LF:58
LH:51
end_of_record
